TN:
SF:src/modules/users/services/AuthenticateUserService.ts
FN:22,(anonymous_18)
FN:23,AuthenticateUserService
FN:31,(anonymous_20)
FNF:3
FNH:3
FNDA:1,(anonymous_18)
FNDA:3,AuthenticateUserService
FNDA:3,(anonymous_20)
DA:1,1
DA:2,1
DA:3,1
DA:5,1
DA:6,1
DA:22,1
DA:25,3
DA:28,3
DA:31,3
DA:32,3
DA:34,3
DA:35,1
DA:38,2
DA:40,2
DA:41,1
DA:44,1
DA:46,1
DA:51,1
DA:53,1
DA:55,1
LF:20
LH:20
BRDA:32,0,0,3
BRDA:34,1,0,1
BRDA:34,1,1,2
BRDA:40,2,0,1
BRDA:40,2,1,1
BRF:5
BRH:5
end_of_record
TN:
SF:src/modules/users/services/CreateUserService.ts
FN:16,(anonymous_18)
FN:17,CreateUserService
FN:25,(anonymous_20)
FNF:3
FNH:3
FNDA:1,(anonymous_18)
FNDA:2,CreateUserService
FNDA:3,(anonymous_20)
DA:1,1
DA:3,1
DA:16,1
DA:19,2
DA:22,2
DA:25,3
DA:26,3
DA:28,3
DA:29,1
DA:32,2
DA:34,2
DA:41,2
DA:43,1
DA:45,1
LF:14
LH:14
BRDA:26,0,0,3
BRDA:28,1,0,1
BRDA:28,1,1,2
BRF:3
BRH:3
end_of_record
TN:
SF:src/modules/users/services/ListUserService.ts
FN:7,(anonymous_17)
FN:8,ListUserService
FN:10,(anonymous_19)
FNF:3
FNH:0
FNDA:0,(anonymous_17)
FNDA:0,ListUserService
FNDA:0,(anonymous_19)
DA:1,0
DA:7,0
DA:8,0
DA:10,0
DA:11,0
DA:13,0
DA:15,0
DA:17,0
LF:8
LH:0
BRDA:11,0,0,0
BRF:1
BRH:0
end_of_record
TN:
SF:src/modules/users/services/ResetPasswordService.ts
FN:15,(anonymous_18)
FN:16,ResetPasswordService
FN:23,(anonymous_20)
FNF:3
FNH:3
FNDA:1,(anonymous_18)
FNDA:4,ResetPasswordService
FNDA:4,(anonymous_20)
DA:1,1
DA:2,1
DA:7,1
DA:15,1
DA:17,4
DA:19,4
DA:20,4
DA:23,4
DA:24,4
DA:26,4
DA:27,1
DA:30,3
DA:32,3
DA:33,1
DA:36,2
DA:37,2
DA:39,2
DA:40,1
DA:43,1
DA:45,2
DA:47,1
DA:49,1
LF:22
LH:22
BRDA:24,0,0,4
BRDA:26,1,0,1
BRDA:26,1,1,3
BRDA:32,2,0,1
BRDA:32,2,1,2
BRDA:39,3,0,1
BRDA:39,3,1,1
BRF:7
BRH:7
end_of_record
TN:
SF:src/modules/users/services/SendForgotPasswordEmailService.ts
FN:14,(anonymous_18)
FN:15,SendForgotPasswordEmailService
FN:22,(anonymous_20)
FNF:3
FNH:3
FNDA:1,(anonymous_18)
FNDA:3,SendForgotPasswordEmailService
FNDA:3,(anonymous_20)
DA:1,1
DA:2,1
DA:7,1
DA:14,1
DA:16,3
DA:17,3
DA:19,3
DA:22,3
DA:23,3
DA:25,3
DA:26,1
DA:29,2
DA:31,2
DA:33,4
DA:48,1
DA:50,1
LF:16
LH:16
BRDA:23,0,0,3
BRDA:25,1,0,1
BRDA:25,1,1,2
BRF:3
BRH:3
end_of_record
TN:
SF:src/modules/users/services/ShowProfileService.ts
FN:13,(anonymous_18)
FN:14,ShowProfileService
FN:16,(anonymous_20)
FNF:3
FNH:3
FNDA:1,(anonymous_18)
FNDA:2,ShowProfileService
FNDA:2,(anonymous_20)
DA:1,1
DA:3,1
DA:13,1
DA:14,2
DA:16,2
DA:17,2
DA:19,2
DA:20,1
DA:23,1
DA:25,1
DA:27,1
LF:11
LH:11
BRDA:17,0,0,2
BRDA:19,1,0,1
BRDA:19,1,1,1
BRF:3
BRH:3
end_of_record
TN:
SF:src/modules/users/services/UpdateProfileService.ts
FN:19,(anonymous_18)
FN:20,UpdateProfileService
FN:25,(anonymous_20)
FNF:3
FNH:3
FNDA:1,(anonymous_18)
FNDA:6,UpdateProfileService
FNDA:6,(anonymous_20)
DA:1,1
DA:3,1
DA:19,1
DA:21,6
DA:22,6
DA:25,1
DA:26,6
DA:27,6
DA:28,6
DA:29,6
DA:30,6
DA:31,6
DA:33,6
DA:35,6
DA:36,1
DA:39,5
DA:41,5
DA:42,1
DA:45,4
DA:46,4
DA:47,4
DA:49,4
DA:50,1
DA:53,4
DA:54,2
DA:56,2
DA:57,1
DA:60,1
DA:63,2
DA:65,1
DA:67,1
LF:31
LH:31
BRDA:33,0,0,6
BRDA:33,0,1,2
BRDA:35,1,0,1
BRDA:35,1,1,5
BRDA:41,2,0,1
BRDA:41,2,1,4
BRDA:41,3,0,5
BRDA:41,3,1,1
BRDA:49,4,0,1
BRDA:49,4,1,3
BRDA:49,5,0,4
BRDA:49,5,1,3
BRDA:53,6,0,1
BRDA:53,6,1,2
BRDA:53,7,0,3
BRDA:53,7,1,2
BRDA:56,8,0,1
BRDA:56,8,1,1
BRF:18
BRH:18
end_of_record
